<?xml version="1.0" encoding="UTF-8"?>
<!-- Generated by org.testng.reporters.JUnitReportReporter -->
<testsuite hostname="DESKTOP-1JREN33" failures="0" tests="1" name="com.TestNG.firstTestcase" time="0.013" errors="0" timestamp="2022-10-29T05:20:07 IST" skipped="0">
  <testcase classname="com.TestNG.firstTestcase" name="f" time="0.013"/>
  <system-out/>
</testsuite> <!-- com.TestNG.firstTestcase -->
