<?xml version="1.0" encoding="UTF-8"?>
<!-- Generated by org.testng.reporters.JUnitReportReporter -->
<testsuite hostname="DESKTOP-1JREN33" failures="0" tests="3" name="com.TestNG.IgnoreTest" time="0.030" errors="0" timestamp="2022-12-12T20:28:03 IST" skipped="1">
  <testcase classname="com.TestNG.IgnoreTest" name="getUrl" time="0.004"/>
  <system-out/>
  <testcase classname="com.TestNG.IgnoreTest" name="dresses" time="0.026"/>
  <system-out/>
  <testcase classname="com.TestNG.IgnoreTest" name="BrowserLaunch">
    <skipped/>
  </testcase> <!-- BrowserLaunch -->
  <system-out/>
</testsuite> <!-- com.TestNG.IgnoreTest -->
