<?xml version="1.0" encoding="UTF-8"?>
<!-- Generated by org.testng.reporters.JUnitReportReporter -->
<testsuite hostname="DESKTOP-1JREN33" failures="0" tests="2" name="com.TestNG.launchBrowser" time="57.569" errors="0" timestamp="2022-11-01T05:33:15 IST" skipped="0">
  <testcase classname="com.TestNG.launchBrowser" name="openAdact" time="52.367"/>
  <system-out/>
  <testcase classname="com.TestNG.launchBrowser" name="openAmazon" time="5.202"/>
  <system-out/>
</testsuite> <!-- com.TestNG.launchBrowser -->
