<?xml version="1.0" encoding="UTF-8"?>
<!-- Generated by org.testng.reporters.JUnitReportReporter -->
<testsuite hostname="DESKTOP-1JREN33" failures="0" tests="1" name="com.TestNG.LoginTestNG" time="0.000" errors="0" timestamp="2022-11-07T05:24:22 IST" skipped="1">
  <testcase classname="com.TestNG.LoginTestNG" name="getTestData" time="0.000">
    <skipped/>
  </testcase> <!-- getTestData -->
  <system-out/>
</testsuite> <!-- com.TestNG.LoginTestNG -->
